This file reports plugins that this framework cannot handle, but not their INPUTS and OUTPUTS (only WIPP TYPES)
(those plugins which DO NOT satisfy the criteria of taking a collection as both input and output)



logging to file... plugin: geom.geom2d.DefaultVerticesCountPolygon input: unknown output: number
logging to file... plugin: geom.geom2d.DefaultVerticesCountConvexHullPolygon input: unknown output: number
logging to file... plugin: geom.geom2d.DefaultConvexityPolygon input: unknown output: number
logging to file... plugin: geom.geom2d.DefaultBoundarySizeConvexHullPolygon input: unknown output: number
logging to file... plugin: geom.geom2d.DefaultBoxivityPolygon input: unknown output: number
logging to file... plugin: geom.geom2d.DefaultSizeConvexHullPolygon input: unknown output: number
logging to file... plugin: geom.geom2d.DefaultSolidityPolygon input: unknown output: number
logging to file... plugin: geom.geom3d.DefaultBoxivityMesh input: unknown output: number
logging to file... plugin: geom.geom3d.DefaultCompactness input: unknown output: number
logging to file... plugin: geom.geom3d.DefaultVerticesCountConvexHullMesh input: unknown output: number
logging to file... plugin: geom.geom3d.DefaultVolumeConvexHullMesh input: unknown output: number
logging to file... plugin: geom.geom3d.DefaultConvexityMesh input: unknown output: number
logging to file... plugin: geom.geom3d.DefaultMainElongation input: unknown output: number
logging to file... plugin: geom.geom3d.DefaultMedianElongation input: unknown output: number
logging to file... plugin: geom.geom3d.DefaultSolidityMesh input: unknown output: number
logging to file... plugin: geom.geom3d.DefaultSparenessMesh input: unknown output: number
logging to file... plugin: geom.geom3d.DefaultSphericity input: unknown output: number
logging to file... plugin: geom.geom3d.DefaultSurfaceArea input: unknown output: number
logging to file... plugin: geom.geom3d.DefaultSurfaceAreaConvexHullMesh input: unknown output: number
logging to file... plugin: geom.geom3d.DefaultVerticesCountMesh input: unknown output: number
logging to file... plugin: geom.SizeII input: unknown output: number
logging to file... plugin: imagemoments.centralmoments.IterableCentralMoment00 input: unknown output: number
logging to file... plugin: imagemoments.centralmoments.DefaultCentralMoment01 input: unknown output: number
logging to file... plugin: imagemoments.centralmoments.DefaultCentralMoment10 input: unknown output: number
logging to file... plugin: imagemoments.centralmoments.IterableCentralMoment11 input: unknown output: number
logging to file... plugin: imagemoments.moments.DefaultMoment00 input: unknown output: number
logging to file... plugin: imagemoments.moments.DefaultMoment01 input: unknown output: number
logging to file... plugin: imagemoments.moments.DefaultMoment10 input: unknown output: number
logging to file... plugin: imagemoments.moments.DefaultMoment11 input: unknown output: number
logging to file... plugin: stats.IterableGeometricMean input: unknown output: number
logging to file... plugin: stats.IterableHarmonicMean input: unknown output: number
logging to file... plugin: stats.IterableMax input: unknown output: number
logging to file... plugin: stats.IterableMean input: unknown output: number
logging to file... plugin: stats.IterableMin input: unknown output: number
logging to file... plugin: stats.IISize input: unknown output: number
logging to file... plugin: stats.IterableStandardDeviation input: unknown output: number
logging to file... plugin: stats.IterableVariance input: unknown output: number
logging to file... plugin: slice.SliceRAI2RAI input: array output: Collection
logging to file... plugin: geom.geom2d.DefaultSizePolygon input: unknown output: number
logging to file... plugin: geom.geom3d.DefaultVolumeMesh input: unknown output: number
logging to file... plugin: math.ConstantToArrayImageP$AddByte input: number output: Collection
logging to file... plugin: math.ConstantToArrayImageP$AddDouble input: number output: Collection
logging to file... plugin: math.ConstantToArrayImageP$AddFloat input: number output: Collection
logging to file... plugin: math.ConstantToArrayImageP$AddInt input: number output: Collection
logging to file... plugin: math.ConstantToArrayImageP$AddLong input: number output: Collection
logging to file... plugin: math.ConstantToArrayImageP$AddShort input: number output: Collection
logging to file... plugin: math.ConstantToArrayImageP$AddUnsignedByte input: number output: Collection
logging to file... plugin: math.ConstantToArrayImageP$AddUnsignedInt input: number output: Collection
logging to file... plugin: math.ConstantToArrayImageP$AddUnsignedLong input: number output: Collection
logging to file... plugin: math.ConstantToArrayImageP$AddUnsignedShort input: number output: Collection
logging to file... plugin: math.ConstantToArrayImageP$DivideByte input: number output: Collection
logging to file... plugin: math.ConstantToArrayImageP$DivideDouble input: number output: Collection
logging to file... plugin: math.ConstantToArrayImageP$DivideFloat input: number output: Collection
logging to file... plugin: math.ConstantToArrayImageP$DivideInt input: number output: Collection
logging to file... plugin: math.ConstantToArrayImageP$DivideLong input: number output: Collection
logging to file... plugin: math.ConstantToArrayImageP$DivideShort input: number output: Collection
logging to file... plugin: math.ConstantToArrayImageP$DivideUnsignedByte input: number output: Collection
logging to file... plugin: math.ConstantToArrayImageP$DivideUnsignedInt input: number output: Collection
logging to file... plugin: math.ConstantToArrayImageP$DivideUnsignedLong input: number output: Collection
logging to file... plugin: math.ConstantToArrayImageP$DivideUnsignedShort input: number output: Collection
logging to file... plugin: math.ConstantToArrayImageP$MultiplyByte input: number output: Collection
logging to file... plugin: math.ConstantToArrayImageP$MultiplyDouble input: number output: Collection
logging to file... plugin: math.ConstantToArrayImageP$MultiplyFloat input: number output: Collection
logging to file... plugin: math.ConstantToArrayImageP$MultiplyInt input: number output: Collection
logging to file... plugin: math.ConstantToArrayImageP$MultiplyLong input: number output: Collection
logging to file... plugin: math.ConstantToArrayImageP$MultiplyShort input: number output: Collection
logging to file... plugin: math.ConstantToArrayImageP$MultiplyUnsignedByte input: number output: Collection
logging to file... plugin: math.ConstantToArrayImageP$MultiplyUnsignedInt input: number output: Collection
logging to file... plugin: math.ConstantToArrayImageP$MultiplyUnsignedLong input: number output: Collection
logging to file... plugin: math.ConstantToArrayImageP$MultiplyUnsignedShort input: number output: Collection
logging to file... plugin: math.ConstantToArrayImageP$SubtractByte input: number output: Collection
logging to file... plugin: math.ConstantToArrayImageP$SubtractDouble input: number output: Collection
logging to file... plugin: math.ConstantToArrayImageP$SubtractFloat input: number output: Collection
logging to file... plugin: math.ConstantToArrayImageP$SubtractInt input: number output: Collection
logging to file... plugin: math.ConstantToArrayImageP$SubtractLong input: number output: Collection
logging to file... plugin: math.ConstantToArrayImageP$SubtractShort input: number output: Collection
logging to file... plugin: math.ConstantToArrayImageP$SubtractUnsignedByte input: number output: Collection
logging to file... plugin: math.ConstantToArrayImageP$SubtractUnsignedInt input: number output: Collection
logging to file... plugin: math.ConstantToArrayImageP$SubtractUnsignedLong input: number output: Collection
logging to file... plugin: math.ConstantToArrayImageP$SubtractUnsignedShort input: number output: Collection
logging to file... plugin: filter.addNoise.AddNoiseRealTypeCFI input: unknown output: number
logging to file... plugin: filter.gauss.DefaultGaussRA input: array output: Collection
logging to file... plugin: help.HelpForNamespace input: unknown output: string
logging to file... plugin: help.HelpForOp input: unknown output: string
logging to file... plugin: math.ConstantToArrayImage$AddByte input: number output: Collection
logging to file... plugin: math.ConstantToArrayImage$AddDouble input: number output: Collection
logging to file... plugin: math.ConstantToArrayImage$AddFloat input: number output: Collection
logging to file... plugin: math.ConstantToArrayImage$AddInt input: number output: Collection
logging to file... plugin: math.ConstantToArrayImage$AddLong input: number output: Collection
logging to file... plugin: math.ConstantToArrayImage$AddShort input: number output: Collection
logging to file... plugin: math.ConstantToArrayImage$AddUnsignedByte input: number output: Collection
logging to file... plugin: math.ConstantToArrayImage$AddUnsignedInt input: number output: Collection
logging to file... plugin: math.ConstantToArrayImage$AddUnsignedLong input: number output: Collection
logging to file... plugin: math.ConstantToArrayImage$AddUnsignedShort input: number output: Collection
logging to file... plugin: math.ConstantToArrayImage$DivideByte input: number output: Collection
logging to file... plugin: math.ConstantToArrayImage$DivideDouble input: number output: Collection
logging to file... plugin: math.ConstantToArrayImage$DivideFloat input: number output: Collection
logging to file... plugin: math.ConstantToArrayImage$DivideInt input: number output: Collection
logging to file... plugin: math.ConstantToArrayImage$DivideLong input: number output: Collection
logging to file... plugin: math.ConstantToArrayImage$DivideShort input: number output: Collection
logging to file... plugin: math.ConstantToArrayImage$DivideUnsignedByte input: number output: Collection
logging to file... plugin: math.ConstantToArrayImage$DivideUnsignedInt input: number output: Collection
logging to file... plugin: math.ConstantToArrayImage$DivideUnsignedLong input: number output: Collection
logging to file... plugin: math.ConstantToArrayImage$DivideUnsignedShort input: number output: Collection
logging to file... plugin: math.ConstantToArrayImage$MultiplyByte input: number output: Collection
logging to file... plugin: math.ConstantToArrayImage$MultiplyDouble input: number output: Collection
logging to file... plugin: math.ConstantToArrayImage$MultiplyFloat input: number output: Collection
logging to file... plugin: math.ConstantToArrayImage$MultiplyInt input: number output: Collection
logging to file... plugin: math.ConstantToArrayImage$MultiplyLong input: number output: Collection
logging to file... plugin: math.ConstantToArrayImage$MultiplyShort input: number output: Collection
logging to file... plugin: math.ConstantToArrayImage$MultiplyUnsignedByte input: number output: Collection
logging to file... plugin: math.ConstantToArrayImage$MultiplyUnsignedInt input: number output: Collection
logging to file... plugin: math.ConstantToArrayImage$MultiplyUnsignedLong input: number output: Collection
logging to file... plugin: math.ConstantToArrayImage$MultiplyUnsignedShort input: number output: Collection
logging to file... plugin: math.ConstantToArrayImage$SubtractByte input: number output: Collection
logging to file... plugin: math.ConstantToArrayImage$SubtractDouble input: number output: Collection
logging to file... plugin: math.ConstantToArrayImage$SubtractFloat input: number output: Collection
logging to file... plugin: math.ConstantToArrayImage$SubtractInt input: number output: Collection
logging to file... plugin: math.ConstantToArrayImage$SubtractLong input: number output: Collection
logging to file... plugin: math.ConstantToArrayImage$SubtractShort input: number output: Collection
logging to file... plugin: math.ConstantToArrayImage$SubtractUnsignedByte input: number output: Collection
logging to file... plugin: math.ConstantToArrayImage$SubtractUnsignedInt input: number output: Collection
logging to file... plugin: math.ConstantToArrayImage$SubtractUnsignedLong input: number output: Collection
logging to file... plugin: math.ConstantToArrayImage$SubtractUnsignedShort input: number output: Collection
logging to file... plugin: math.NumericTypeBinaryMath$Add input: unknown output: number
logging to file... plugin: math.NumericTypeBinaryMath$Divide input: unknown output: number
logging to file... plugin: math.NumericTypeBinaryMath$Multiply input: unknown output: number
logging to file... plugin: math.NumericTypeBinaryMath$Subtract input: unknown output: number
logging to file... plugin: threshold.huang.ComputeHuangThreshold input: unknown output: number
logging to file... plugin: threshold.ij1.ComputeIJ1Threshold input: unknown output: number
logging to file... plugin: threshold.li.ComputeLiThreshold input: unknown output: number
logging to file... plugin: threshold.maxEntropy.ComputeMaxEntropyThreshold input: unknown output: number
logging to file... plugin: threshold.mean.ComputeMeanThreshold input: unknown output: number
logging to file... plugin: threshold.moments.ComputeMomentsThreshold input: unknown output: number
logging to file... plugin: threshold.otsu.ComputeOtsuThreshold input: unknown output: number
logging to file... plugin: threshold.percentile.ComputePercentileThreshold input: unknown output: number
logging to file... plugin: threshold.renyiEntropy.ComputeRenyiEntropyThreshold input: unknown output: number
logging to file... plugin: threshold.rosin.ComputeRosinThreshold input: unknown output: number
logging to file... plugin: threshold.shanbhag.ComputeShanbhagThreshold input: unknown output: number
logging to file... plugin: threshold.triangle.ComputeTriangleThreshold input: unknown output: number
logging to file... plugin: threshold.yen.ComputeYenThreshold input: unknown output: number
logging to file... plugin: convert.ConvertTypes$IntegerToInt16 input: unknown output: number
logging to file... plugin: convert.ConvertTypes$IntegerToInt64 input: unknown output: number
logging to file... plugin: convert.ConvertTypes$IntegerToInt8 input: unknown output: number
logging to file... plugin: convert.ConvertTypes$IntegerToUint16 input: unknown output: number
logging to file... plugin: convert.ConvertTypes$IntegerToUint64 input: unknown output: number
logging to file... plugin: convert.ConvertTypes$IntegerToUint8 input: unknown output: number
logging to file... plugin: geom.CentroidLabelRegion input: unknown output: string
logging to file... plugin: geom.CentroidII input: unknown output: string
logging to file... plugin: logic.PrimitiveLogic$BooleanAnd input: unknown output: boolean
logging to file... plugin: logic.PrimitiveLogic$BooleanEqual input: unknown output: boolean
logging to file... plugin: logic.PrimitiveLogic$BooleanNot input: unknown output: boolean
logging to file... plugin: logic.PrimitiveLogic$BooleanNotEqual input: unknown output: boolean
logging to file... plugin: logic.PrimitiveLogic$BooleanOr input: unknown output: boolean
logging to file... plugin: logic.PrimitiveLogic$BooleanXor input: unknown output: boolean
logging to file... plugin: logic.PrimitiveLogic$IntegerEqual input: unknown output: boolean
logging to file... plugin: logic.PrimitiveLogic$IntegerGreaterThan input: unknown output: boolean
logging to file... plugin: logic.PrimitiveLogic$IntegerGreaterThanOrEqual input: unknown output: boolean
logging to file... plugin: logic.PrimitiveLogic$IntegerLessThan input: unknown output: boolean
logging to file... plugin: logic.PrimitiveLogic$IntegerLessThanOrEqual input: unknown output: boolean
logging to file... plugin: logic.PrimitiveLogic$IntegerNotEqual input: unknown output: boolean
logging to file... plugin: math.PrimitiveMath$IntegerAbs input: unknown output: number
logging to file... plugin: math.PrimitiveMath$IntegerAdd input: unknown output: number
logging to file... plugin: math.PrimitiveMath$IntegerAnd input: unknown output: number
logging to file... plugin: math.PrimitiveMath$IntegerComplement input: unknown output: number
logging to file... plugin: math.PrimitiveMath$IntegerDivide input: unknown output: number
logging to file... plugin: math.PrimitiveMath$IntegerLeftShift input: unknown output: number
logging to file... plugin: math.PrimitiveMath$IntegerMax input: unknown output: number
logging to file... plugin: math.PrimitiveMath$IntegerMin input: unknown output: number
logging to file... plugin: math.PrimitiveMath$IntegerMultiply input: unknown output: number
logging to file... plugin: math.PrimitiveMath$IntegerNegate input: unknown output: number
logging to file... plugin: math.PrimitiveMath$IntegerOr input: unknown output: number
logging to file... plugin: math.PrimitiveMath$IntegerRemainder input: unknown output: number
logging to file... plugin: math.PrimitiveMath$IntegerRightShift input: unknown output: number
logging to file... plugin: math.PrimitiveMath$IntegerSubtract input: unknown output: number
logging to file... plugin: math.PrimitiveMath$IntegerUnsignedRightShift input: unknown output: number
logging to file... plugin: math.PrimitiveMath$IntegerXor input: unknown output: number
logging to file... plugin: logic.PrimitiveLogic$LongEqual input: unknown output: boolean
logging to file... plugin: logic.PrimitiveLogic$LongGreaterThan input: unknown output: boolean
logging to file... plugin: logic.PrimitiveLogic$LongGreaterThanOrEqual input: unknown output: boolean
logging to file... plugin: logic.PrimitiveLogic$LongLessThan input: unknown output: boolean
logging to file... plugin: logic.PrimitiveLogic$LongLessThanOrEqual input: unknown output: boolean
logging to file... plugin: logic.PrimitiveLogic$LongNotEqual input: unknown output: boolean
logging to file... plugin: math.PrimitiveMath$LongAbs input: unknown output: number
logging to file... plugin: math.PrimitiveMath$LongAdd input: unknown output: number
logging to file... plugin: math.PrimitiveMath$LongAnd input: unknown output: number
logging to file... plugin: math.PrimitiveMath$LongComplement input: unknown output: number
logging to file... plugin: math.PrimitiveMath$LongDivide input: unknown output: number
logging to file... plugin: math.PrimitiveMath$LongLeftShift input: unknown output: number
logging to file... plugin: math.PrimitiveMath$LongMax input: unknown output: number
logging to file... plugin: math.PrimitiveMath$LongMin input: unknown output: number
logging to file... plugin: math.PrimitiveMath$LongMultiply input: unknown output: number
logging to file... plugin: math.PrimitiveMath$LongNegate input: unknown output: number
logging to file... plugin: math.PrimitiveMath$LongOr input: unknown output: number
logging to file... plugin: math.PrimitiveMath$LongRemainder input: unknown output: number
logging to file... plugin: math.PrimitiveMath$LongRightShift input: unknown output: number
logging to file... plugin: math.PrimitiveMath$LongSubtract input: unknown output: number
logging to file... plugin: math.PrimitiveMath$LongUnsignedRightShift input: unknown output: number
logging to file... plugin: math.PrimitiveMath$LongXor input: unknown output: number
logging to file... plugin: logic.PrimitiveLogic$FloatEqual input: unknown output: boolean
logging to file... plugin: logic.PrimitiveLogic$FloatGreaterThan input: unknown output: boolean
logging to file... plugin: logic.PrimitiveLogic$FloatGreaterThanOrEqual input: unknown output: boolean
logging to file... plugin: logic.PrimitiveLogic$FloatLessThan input: unknown output: boolean
logging to file... plugin: logic.PrimitiveLogic$FloatLessThanOrEqual input: unknown output: boolean
logging to file... plugin: logic.PrimitiveLogic$FloatNotEqual input: unknown output: boolean
logging to file... plugin: math.PrimitiveMath$FloatAbs input: unknown output: number
logging to file... plugin: math.PrimitiveMath$FloatAdd input: unknown output: number
logging to file... plugin: math.PrimitiveMath$FloatDivide input: unknown output: number
logging to file... plugin: math.PrimitiveMath$FloatMax input: unknown output: number
logging to file... plugin: math.PrimitiveMath$FloatMin input: unknown output: number
logging to file... plugin: math.PrimitiveMath$FloatMultiply input: unknown output: number
logging to file... plugin: math.PrimitiveMath$FloatNegate input: unknown output: number
logging to file... plugin: math.PrimitiveMath$FloatRemainder input: unknown output: number
logging to file... plugin: math.PrimitiveMath$FloatRound input: unknown output: number
logging to file... plugin: math.PrimitiveMath$FloatSignum input: unknown output: number
logging to file... plugin: math.PrimitiveMath$FloatSubtract input: unknown output: number
logging to file... plugin: logic.PrimitiveLogic$DoubleEqual input: unknown output: boolean
logging to file... plugin: logic.PrimitiveLogic$DoubleGreaterThan input: unknown output: boolean
logging to file... plugin: logic.PrimitiveLogic$DoubleGreaterThanOrEqual input: unknown output: boolean
logging to file... plugin: logic.PrimitiveLogic$DoubleLessThan input: unknown output: boolean
logging to file... plugin: logic.PrimitiveLogic$DoubleLessThanOrEqual input: unknown output: boolean
logging to file... plugin: logic.PrimitiveLogic$DoubleNotEqual input: unknown output: boolean
logging to file... plugin: math.PrimitiveMath$DoubleAbs input: unknown output: number
logging to file... plugin: math.PrimitiveMath$DoubleAdd input: unknown output: number
logging to file... plugin: math.PrimitiveMath$DoubleArccos input: unknown output: number
logging to file... plugin: math.PrimitiveMath$DoubleArcsin input: unknown output: number
logging to file... plugin: math.PrimitiveMath$DoubleArctan input: unknown output: number
logging to file... plugin: math.PrimitiveMath$DoubleCeil input: unknown output: number
logging to file... plugin: math.PrimitiveMath$DoubleCos input: unknown output: number
logging to file... plugin: math.PrimitiveMath$DoubleCosh input: unknown output: number
logging to file... plugin: math.PrimitiveMath$DoubleCubeRoot input: unknown output: number
logging to file... plugin: math.PrimitiveMath$DoubleDivide input: unknown output: number
logging to file... plugin: math.PrimitiveMath$DoubleExp input: unknown output: number
logging to file... plugin: math.PrimitiveMath$DoubleFloor input: unknown output: number
logging to file... plugin: math.PrimitiveMath$DoubleLog input: unknown output: number
logging to file... plugin: math.PrimitiveMath$DoubleLog10 input: unknown output: number
logging to file... plugin: math.PrimitiveMath$DoubleLogOnePlusX input: unknown output: number
logging to file... plugin: math.PrimitiveMath$DoubleMax input: unknown output: number
logging to file... plugin: math.PrimitiveMath$DoubleMin input: unknown output: number
logging to file... plugin: math.PrimitiveMath$DoubleMultiply input: unknown output: number
logging to file... plugin: math.PrimitiveMath$DoubleNegate input: unknown output: number
logging to file... plugin: math.PrimitiveMath$DoublePower input: unknown output: number
logging to file... plugin: math.PrimitiveMath$DoubleRemainder input: unknown output: number
logging to file... plugin: math.PrimitiveMath$DoubleRound input: unknown output: number
logging to file... plugin: math.PrimitiveMath$DoubleSignum input: unknown output: number
logging to file... plugin: math.PrimitiveMath$DoubleSin input: unknown output: number
logging to file... plugin: math.PrimitiveMath$DoubleSinh input: unknown output: number
logging to file... plugin: math.PrimitiveMath$DoubleSqrt input: unknown output: number
logging to file... plugin: math.PrimitiveMath$DoubleSubtract input: unknown output: number
logging to file... plugin: math.PrimitiveMath$DoubleTan input: unknown output: number
logging to file... plugin: math.PrimitiveMath$DoubleTanh input: unknown output: number
logging to file... plugin: features.lbp2d.DefaultLBP2D input: unknown output: array
logging to file... plugin: geom.geom2d.DefaultCircularity input: unknown output: number
logging to file... plugin: geom.geom2d.DefaultEccentricity input: unknown output: number
logging to file... plugin: geom.geom2d.DefaultElongation input: unknown output: number
logging to file... plugin: geom.geom2d.DefaultFeretsAngle input: unknown output: number
logging to file... plugin: geom.geom2d.DefaultFeretsDiameter input: unknown output: number
logging to file... plugin: geom.geom2d.DefaultMajorAxis input: unknown output: number
logging to file... plugin: geom.geom2d.DefaultMinorAxis input: unknown output: number
logging to file... plugin: geom.geom2d.DefaultPerimeterLength input: unknown output: number
logging to file... plugin: geom.geom2d.DefaultRoundness input: unknown output: number
logging to file... plugin: geom.CentroidPolygon input: unknown output: string
logging to file... plugin: geom.CentroidMesh input: unknown output: string
logging to file... plugin: features.haralick.DefaultClusterPromenence input: unknown output: number
logging to file... plugin: features.haralick.DefaultClusterShade input: unknown output: number
logging to file... plugin: features.haralick.DefaultContrast input: unknown output: number
logging to file... plugin: features.haralick.DefaultCorrelation input: unknown output: number
logging to file... plugin: features.haralick.DefaultDifferenceEntropy input: unknown output: number
logging to file... plugin: features.haralick.DefaultDifferenceVariance input: unknown output: number
logging to file... plugin: features.haralick.DefaultEntropy input: unknown output: number
logging to file... plugin: features.haralick.DefaultICM1 input: unknown output: number
logging to file... plugin: features.haralick.DefaultICM2 input: unknown output: number
logging to file... plugin: features.haralick.DefaultIFDM input: unknown output: number
logging to file... plugin: features.haralick.DefaultMaxProbability input: unknown output: number
logging to file... plugin: features.haralick.DefaultSumAverage input: unknown output: number
logging to file... plugin: features.haralick.DefaultSumEntropy input: unknown output: number
logging to file... plugin: features.haralick.DefaultSumVariance input: unknown output: number
logging to file... plugin: features.haralick.DefaultTextureHomogeneity input: unknown output: number
logging to file... plugin: features.haralick.DefaultVariance input: unknown output: number
logging to file... plugin: imagemoments.centralmoments.DefaultCentralMoment00 input: unknown output: number
logging to file... plugin: imagemoments.centralmoments.DefaultCentralMoment02 input: unknown output: number
logging to file... plugin: imagemoments.centralmoments.DefaultCentralMoment03 input: unknown output: number
logging to file... plugin: imagemoments.centralmoments.DefaultCentralMoment11 input: unknown output: number
logging to file... plugin: imagemoments.centralmoments.DefaultCentralMoment12 input: unknown output: number
logging to file... plugin: imagemoments.centralmoments.DefaultCentralMoment20 input: unknown output: number
logging to file... plugin: imagemoments.centralmoments.DefaultCentralMoment21 input: unknown output: number
logging to file... plugin: imagemoments.centralmoments.DefaultCentralMoment30 input: unknown output: number
logging to file... plugin: imagemoments.hu.DefaultHuMoment1 input: unknown output: number
logging to file... plugin: imagemoments.hu.DefaultHuMoment2 input: unknown output: number
logging to file... plugin: imagemoments.hu.DefaultHuMoment3 input: unknown output: number
logging to file... plugin: imagemoments.hu.DefaultHuMoment4 input: unknown output: number
logging to file... plugin: imagemoments.hu.DefaultHuMoment5 input: unknown output: number
logging to file... plugin: imagemoments.hu.DefaultHuMoment6 input: unknown output: number
logging to file... plugin: imagemoments.hu.DefaultHuMoment7 input: unknown output: number
logging to file... plugin: imagemoments.normalizedcentralmoments.DefaultNormalizedCentralMoment02 input: unknown output: number
logging to file... plugin: imagemoments.normalizedcentralmoments.DefaultNormalizedCentralMoment03 input: unknown output: number
logging to file... plugin: imagemoments.normalizedcentralmoments.DefaultNormalizedCentralMoment11 input: unknown output: number
logging to file... plugin: imagemoments.normalizedcentralmoments.DefaultNormalizedCentralMoment12 input: unknown output: number
logging to file... plugin: imagemoments.normalizedcentralmoments.DefaultNormalizedCentralMoment20 input: unknown output: number
logging to file... plugin: imagemoments.normalizedcentralmoments.DefaultNormalizedCentralMoment21 input: unknown output: number
logging to file... plugin: imagemoments.normalizedcentralmoments.DefaultNormalizedCentralMoment30 input: unknown output: number
logging to file... plugin: stats.DefaultGeometricMean input: unknown output: number
logging to file... plugin: stats.DefaultHarmonicMean input: unknown output: number
logging to file... plugin: stats.DefaultKurtosis input: unknown output: number
logging to file... plugin: stats.DefaultMedian input: unknown output: number
logging to file... plugin: stats.DefaultMoment1AboutMean input: unknown output: number
logging to file... plugin: stats.DefaultMoment2AboutMean input: unknown output: number
logging to file... plugin: stats.DefaultMoment3AboutMean input: unknown output: number
logging to file... plugin: stats.DefaultMoment4AboutMean input: unknown output: number
logging to file... plugin: stats.DefaultPercentile input: unknown output: number
logging to file... plugin: stats.DefaultQuantile input: unknown output: number
logging to file... plugin: stats.DefaultSize input: unknown output: number
logging to file... plugin: stats.DefaultSkewness input: unknown output: number
logging to file... plugin: stats.DefaultStandardDeviation input: unknown output: number
logging to file... plugin: stats.DefaultSum input: unknown output: number
logging to file... plugin: stats.DefaultSumOfInverses input: unknown output: number
logging to file... plugin: stats.DefaultSumOfLogs input: unknown output: number
logging to file... plugin: stats.DefaultSumOfSquares input: unknown output: number
logging to file... plugin: stats.DefaultVariance input: unknown output: number
logging to file... plugin: features.tamura2d.DefaultCoarsenessFeature input: unknown output: number
logging to file... plugin: features.tamura2d.DefaultContrastFeature input: unknown output: number
logging to file... plugin: features.tamura2d.DefaultDirectionalityFeature input: unknown output: number
logging to file... plugin: features.zernike.DefaultMagnitudeFeature input: unknown output: number
logging to file... plugin: features.zernike.DefaultPhaseFeature input: unknown output: number
logging to file... plugin: coloc.icq.LiICQ input: unknown output: number
logging to file... plugin: coloc.kendallTau.KendallTauBRank input: unknown output: number
logging to file... plugin: coloc.maxTKendallTau.MTKT input: unknown output: number
logging to file... plugin: coloc.pearsons.DefaultPearsons input: unknown output: number
logging to file... plugin: convert.clip.ClipRealTypes input: unknown output: number
logging to file... plugin: convert.copy.CopyRealTypes input: unknown output: number
logging to file... plugin: convert.normalizeScale.NormalizeScaleRealTypes input: unknown output: number
logging to file... plugin: convert.scale.ScaleRealTypes input: unknown output: number
logging to file... plugin: create.integerType.DefaultCreateIntegerType input: unknown output: number
logging to file... plugin: create.kernelGauss.CreateKernelGaussDoubleType input: array output: Collection
logging to file... plugin: create.kernelGauss.CreateKernelGaussSymmetricDoubleType input: number output: Collection
logging to file... plugin: create.kernelLog.CreateKernelLogDoubleType input: array output: Collection
logging to file... plugin: create.kernelLog.CreateKernelLogSymmetricDoubleType input: number output: Collection
logging to file... plugin: create.nativeType.DefaultCreateNativeType input: unknown output: number
logging to file... plugin: deconvolve.accelerate.VectorAccelerator input: unknown output: Collection
logging to file... plugin: features.haralick.DefaultASM input: unknown output: number
logging to file... plugin: features.haralick.helper.CoocHXY input: unknown output: array
logging to file... plugin: features.haralick.helper.CoocMeanX input: unknown output: number
logging to file... plugin: features.haralick.helper.CoocMeanY input: unknown output: number
logging to file... plugin: features.haralick.helper.CoocPX input: unknown output: array
logging to file... plugin: features.haralick.helper.CoocPXMinusY input: unknown output: array
logging to file... plugin: features.haralick.helper.CoocPXPlusY input: unknown output: array
logging to file... plugin: features.haralick.helper.CoocPY input: unknown output: array
logging to file... plugin: features.haralick.helper.CoocStdX input: unknown output: number
logging to file... plugin: features.haralick.helper.CoocStdY input: unknown output: number
logging to file... plugin: filter.addNoise.AddNoiseRealType input: unknown output: number
logging to file... plugin: filter.addPoissonNoise.AddPoissonNoiseRealType input: unknown output: number
logging to file... plugin: filter.ifft.IFFTMethodsOpI input: unknown output: Collection
logging to file... plugin: geom.DefaultCenterOfGravity input: unknown output: string
logging to file... plugin: geom.geom2d.DefaultFeretsDiameterForAngle input: unknown output: number
logging to file... plugin: geom.geom2d.DefaultMaximumFeretAngle input: unknown output: number
logging to file... plugin: geom.geom2d.DefaultMaximumFeretDiameter input: unknown output: number
logging to file... plugin: geom.geom2d.DefaultMinimumFeretAngle input: unknown output: number
logging to file... plugin: geom.geom2d.DefaultMinimumFeretDiameter input: unknown output: number
logging to file... plugin: geom.geom3d.mesh.BitTypeVertexInterpolator input: unknown output: array
logging to file... plugin: geom.geom3d.mesh.DefaultVertexInterpolator input: unknown output: array
logging to file... plugin: help.HelpCandidates input: unknown output: string
logging to file... plugin: image.ascii.DefaultASCII input: unknown output: string
logging to file... plugin: image.equation.DefaultEquation input: string output: Collection
logging to file... plugin: logic.BooleanTypeLogic$And input: unknown output: boolean
logging to file... plugin: logic.BooleanTypeLogic$ComparableGreaterThan input: unknown output: boolean
logging to file... plugin: logic.BooleanTypeLogic$ComparableGreaterThanOrEqual input: unknown output: boolean
logging to file... plugin: logic.BooleanTypeLogic$ComparableLessThan input: unknown output: boolean
logging to file... plugin: logic.BooleanTypeLogic$ComparableLessThanOrEqual input: unknown output: boolean
logging to file... plugin: logic.BooleanTypeLogic$Not input: unknown output: boolean
logging to file... plugin: logic.BooleanTypeLogic$ObjectsEqual input: unknown output: boolean
logging to file... plugin: logic.BooleanTypeLogic$ObjectsNotEqual input: unknown output: boolean
logging to file... plugin: logic.BooleanTypeLogic$Or input: unknown output: boolean
logging to file... plugin: logic.BooleanTypeLogic$Xor input: unknown output: boolean
logging to file... plugin: math.BinaryRealTypeMath$Add input: unknown output: number
logging to file... plugin: math.BinaryRealTypeMath$And input: unknown output: number
logging to file... plugin: math.BinaryRealTypeMath$Divide input: unknown output: number
logging to file... plugin: math.BinaryRealTypeMath$Multiply input: unknown output: number
logging to file... plugin: math.BinaryRealTypeMath$Or input: unknown output: number
logging to file... plugin: math.BinaryRealTypeMath$Subtract input: unknown output: number
logging to file... plugin: math.BinaryRealTypeMath$Xor input: unknown output: number
logging to file... plugin: math.ConstantToPlanarImage$AddByte input: number output: Collection
logging to file... plugin: math.ConstantToPlanarImage$AddDouble input: number output: Collection
logging to file... plugin: math.ConstantToPlanarImage$AddFloat input: number output: Collection
logging to file... plugin: math.ConstantToPlanarImage$AddInt input: number output: Collection
logging to file... plugin: math.ConstantToPlanarImage$AddLong input: number output: Collection
logging to file... plugin: math.ConstantToPlanarImage$AddShort input: number output: Collection
logging to file... plugin: math.ConstantToPlanarImage$AddUnsignedByte input: number output: Collection
logging to file... plugin: math.ConstantToPlanarImage$AddUnsignedInt input: number output: Collection
logging to file... plugin: math.ConstantToPlanarImage$AddUnsignedLong input: number output: Collection
logging to file... plugin: math.ConstantToPlanarImage$AddUnsignedShort input: number output: Collection
logging to file... plugin: math.ConstantToPlanarImage$DivideByte input: number output: Collection
logging to file... plugin: math.ConstantToPlanarImage$DivideDouble input: number output: Collection
logging to file... plugin: math.ConstantToPlanarImage$DivideFloat input: number output: Collection
logging to file... plugin: math.ConstantToPlanarImage$DivideInt input: number output: Collection
logging to file... plugin: math.ConstantToPlanarImage$DivideLong input: number output: Collection
logging to file... plugin: math.ConstantToPlanarImage$DivideShort input: number output: Collection
logging to file... plugin: math.ConstantToPlanarImage$DivideUnsignedByte input: number output: Collection
logging to file... plugin: math.ConstantToPlanarImage$DivideUnsignedInt input: number output: Collection
logging to file... plugin: math.ConstantToPlanarImage$DivideUnsignedLong input: number output: Collection
logging to file... plugin: math.ConstantToPlanarImage$DivideUnsignedShort input: number output: Collection
logging to file... plugin: math.ConstantToPlanarImage$MultiplyByte input: number output: Collection
logging to file... plugin: math.ConstantToPlanarImage$MultiplyDouble input: number output: Collection
logging to file... plugin: math.ConstantToPlanarImage$MultiplyFloat input: number output: Collection
logging to file... plugin: math.ConstantToPlanarImage$MultiplyInt input: number output: Collection
logging to file... plugin: math.ConstantToPlanarImage$MultiplyLong input: number output: Collection
logging to file... plugin: math.ConstantToPlanarImage$MultiplyShort input: number output: Collection
logging to file... plugin: math.ConstantToPlanarImage$MultiplyUnsignedByte input: number output: Collection
logging to file... plugin: math.ConstantToPlanarImage$MultiplyUnsignedInt input: number output: Collection
logging to file... plugin: math.ConstantToPlanarImage$MultiplyUnsignedLong input: number output: Collection
logging to file... plugin: math.ConstantToPlanarImage$MultiplyUnsignedShort input: number output: Collection
logging to file... plugin: math.ConstantToPlanarImage$SubtractByte input: number output: Collection
logging to file... plugin: math.ConstantToPlanarImage$SubtractDouble input: number output: Collection
logging to file... plugin: math.ConstantToPlanarImage$SubtractFloat input: number output: Collection
logging to file... plugin: math.ConstantToPlanarImage$SubtractInt input: number output: Collection
logging to file... plugin: math.ConstantToPlanarImage$SubtractLong input: number output: Collection
logging to file... plugin: math.ConstantToPlanarImage$SubtractShort input: number output: Collection
logging to file... plugin: math.ConstantToPlanarImage$SubtractUnsignedByte input: number output: Collection
logging to file... plugin: math.ConstantToPlanarImage$SubtractUnsignedInt input: number output: Collection
logging to file... plugin: math.ConstantToPlanarImage$SubtractUnsignedLong input: number output: Collection
logging to file... plugin: math.ConstantToPlanarImage$SubtractUnsignedShort input: number output: Collection
logging to file... plugin: math.NullaryNumericTypeMath$Zero input: unknown output: number
logging to file... plugin: math.UnaryRealTypeMath$Abs input: unknown output: number
logging to file... plugin: math.UnaryRealTypeMath$Arccos input: unknown output: number
logging to file... plugin: math.UnaryRealTypeMath$Arccosh input: unknown output: number
logging to file... plugin: math.UnaryRealTypeMath$Arccot input: unknown output: number
logging to file... plugin: math.UnaryRealTypeMath$Arccoth input: unknown output: number
logging to file... plugin: math.UnaryRealTypeMath$Arccsc input: unknown output: number
logging to file... plugin: math.UnaryRealTypeMath$Arccsch input: unknown output: number
logging to file... plugin: math.UnaryRealTypeMath$Arcsec input: unknown output: number
logging to file... plugin: math.UnaryRealTypeMath$Arcsech input: unknown output: number
logging to file... plugin: math.UnaryRealTypeMath$Arcsin input: unknown output: number
logging to file... plugin: math.UnaryRealTypeMath$Arcsinh input: unknown output: number
logging to file... plugin: math.UnaryRealTypeMath$Arctan input: unknown output: number
logging to file... plugin: math.UnaryRealTypeMath$Arctanh input: unknown output: number
logging to file... plugin: math.UnaryRealTypeMath$Ceil input: unknown output: number
logging to file... plugin: math.UnaryRealTypeMath$Cos input: unknown output: number
logging to file... plugin: math.UnaryRealTypeMath$Cosh input: unknown output: number
logging to file... plugin: math.UnaryRealTypeMath$Cot input: unknown output: number
logging to file... plugin: math.UnaryRealTypeMath$Coth input: unknown output: number
logging to file... plugin: math.UnaryRealTypeMath$Csc input: unknown output: number
logging to file... plugin: math.UnaryRealTypeMath$Csch input: unknown output: number
logging to file... plugin: math.UnaryRealTypeMath$CubeRoot input: unknown output: number
logging to file... plugin: math.UnaryRealTypeMath$Exp input: unknown output: number
logging to file... plugin: math.UnaryRealTypeMath$ExpMinusOne input: unknown output: number
logging to file... plugin: math.UnaryRealTypeMath$Floor input: unknown output: number
logging to file... plugin: math.UnaryRealTypeMath$GammaConstant input: unknown output: number
logging to file... plugin: math.UnaryRealTypeMath$Invert input: unknown output: number
logging to file... plugin: math.UnaryRealTypeMath$Log input: unknown output: number
logging to file... plugin: math.UnaryRealTypeMath$Log10 input: unknown output: number
logging to file... plugin: math.UnaryRealTypeMath$Log2 input: unknown output: number
logging to file... plugin: math.UnaryRealTypeMath$LogOnePlusX input: unknown output: number
logging to file... plugin: math.UnaryRealTypeMath$MaxConstant input: unknown output: number
logging to file... plugin: math.UnaryRealTypeMath$MinConstant input: unknown output: number
logging to file... plugin: math.UnaryRealTypeMath$NearestInt input: unknown output: number
logging to file... plugin: math.UnaryRealTypeMath$Negate input: unknown output: number
logging to file... plugin: math.UnaryRealTypeMath$PowerConstant input: unknown output: number
logging to file... plugin: math.UnaryRealTypeMath$RandomGaussian input: unknown output: number
logging to file... plugin: math.UnaryRealTypeMath$RandomUniform input: unknown output: number
logging to file... plugin: math.UnaryRealTypeMath$Reciprocal input: unknown output: number
logging to file... plugin: math.UnaryRealTypeMath$Round input: unknown output: number
logging to file... plugin: math.UnaryRealTypeMath$Sec input: unknown output: number
logging to file... plugin: math.UnaryRealTypeMath$Sech input: unknown output: number
logging to file... plugin: math.UnaryRealTypeMath$Signum input: unknown output: number
logging to file... plugin: math.UnaryRealTypeMath$Sin input: unknown output: number
logging to file... plugin: math.UnaryRealTypeMath$Sinc input: unknown output: number
logging to file... plugin: math.UnaryRealTypeMath$SincPi input: unknown output: number
logging to file... plugin: math.UnaryRealTypeMath$Sinh input: unknown output: number
logging to file... plugin: math.UnaryRealTypeMath$Sqr input: unknown output: number
logging to file... plugin: math.UnaryRealTypeMath$Sqrt input: unknown output: number
logging to file... plugin: math.UnaryRealTypeMath$Step input: unknown output: number
logging to file... plugin: math.UnaryRealTypeMath$Tan input: unknown output: number
logging to file... plugin: math.UnaryRealTypeMath$Tanh input: unknown output: number
logging to file... plugin: math.UnaryRealTypeMath$Ulp input: unknown output: number
logging to file... plugin: segment.detectJunctions.DefaultDetectJunctions input: unknown output: array
logging to file... plugin: segment.detectRidges.DefaultDetectRidges input: unknown output: array
logging to file... plugin: stats.IntegralMean input: unknown output: number
logging to file... plugin: stats.IntegralSum input: unknown output: number
logging to file... plugin: stats.IntegralVariance input: unknown output: number
logging to file... plugin: threshold.localBernsen.LocalBernsenThreshold input: number output: Collection
logging to file... plugin: threshold.localMedian.LocalMedianThreshold input: number output: Collection
logging to file... plugin: threshold.localMidGrey.LocalMidGreyThreshold input: number output: Collection
logging to file... plugin: topology.BoxCount input: unknown output: array
logging to file... plugin: topology.eulerCharacteristic.EulerCharacteristic26N input: unknown output: number
logging to file... plugin: topology.eulerCharacteristic.EulerCharacteristic26NFloating input: unknown output: number
logging to file... plugin: topology.eulerCharacteristic.EulerCorrection input: unknown output: number
logging to file... plugin: transform.concatenateView.DefaultConcatenateView input: number output: Collection
logging to file... plugin: transform.stackView.DefaultStackView input: array output: Collection
logging to file... plugin: convert.ConvertTypes$ComplexToFloat32 input: unknown output: number
logging to file... plugin: convert.ConvertTypes$ComplexToFloat64 input: unknown output: number
logging to file... plugin: convert.ConvertTypes$ComplexToInt16 input: unknown output: number
logging to file... plugin: convert.ConvertTypes$ComplexToInt64 input: unknown output: number
logging to file... plugin: convert.ConvertTypes$ComplexToInt8 input: unknown output: number
logging to file... plugin: convert.ConvertTypes$ComplexToUint16 input: unknown output: number
logging to file... plugin: convert.ConvertTypes$ComplexToUint64 input: unknown output: number
logging to file... plugin: convert.ConvertTypes$ComplexToUint8 input: unknown output: number
logging to file... plugin: create.kernelBiGauss.CreateKernel2ndDerivBiGaussDoubleType input: number output: Collection
logging to file... plugin: create.kernelBiGauss.CreateKernelBiGaussDoubleType input: number output: Collection
logging to file... plugin: create.kernelGabor.CreateKernelGaborIsotropicComplexDoubleType input: array output: Collection
logging to file... plugin: create.kernelGabor.CreateKernelGaborComplexDoubleType input: array output: Collection
logging to file... plugin: create.kernelGabor.CreateKernelGaborDoubleType input: array output: Collection
logging to file... plugin: create.kernelGabor.CreateKernelGaborIsotropicDoubleType input: array output: Collection
logging to file... plugin: transform.project.DefaultProjectParallel input: number output: Collection
logging to file... plugin: stats.DefaultMean input: unknown output: number
logging to file... plugin: filter.sigma.DefaultSigmaFilter input: number output: Collection
logging to file... plugin: threshold.localMean.LocalMeanThreshold input: number output: Collection
logging to file... plugin: threshold.localNiblack.LocalNiblackThreshold input: number output: Collection
logging to file... plugin: transform.project.ProjectRAIToII input: number output: Collection
logging to file... plugin: transform.project.ProjectRAIToIterableInterval input: number output: Collection
logging to file... plugin: threshold.localMean.LocalMeanThresholdIntegral input: number output: Collection
logging to file... plugin: threshold.localNiblack.LocalNiblackThresholdIntegral input: number output: Collection
